Build started 5/29/2015 4:53:46 PM.
     1>Project "C:\Users\Alex\Documents\GitHub\CS-172-Summer-Exam-1-\Exam 1\Exam 1\Exam 1.vcxproj" on node 2 (Build target(s)).
     1>ClCompile:
         C:\Program Files (x86)\Microsoft Visual Studio 12.0\VC\bin\CL.exe /c /ZI /nologo /W3 /WX- /Od /Oy- /D WIN32 /D _DEBUG /D _CONSOLE /D _LIB /D _UNICODE /D UNICODE /Gm /EHsc /RTC1 /MDd /GS /fp:precise /Zc:wchar_t /Zc:forScope /Fo"Debug\\" /Fd"Debug\vc120.pdb" /Gd /TP /analyze- /errorReport:prompt Main.cpp Movie.cpp Theater.cpp
         Theater.cpp
         Generating Code...
         Compiling...
         Movie.cpp
         Main.cpp
         Generating Code...
       Link:
         C:\Program Files (x86)\Microsoft Visual Studio 12.0\VC\bin\link.exe /ERRORREPORT:PROMPT /OUT:"C:\Users\Alex\Documents\GitHub\CS-172-Summer-Exam-1-\Exam 1\Debug\Exam 1.exe" /INCREMENTAL /NOLOGO kernel32.lib user32.lib gdi32.lib winspool.lib comdlg32.lib advapi32.lib shell32.lib ole32.lib oleaut32.lib uuid.lib odbc32.lib odbccp32.lib /MANIFEST /MANIFESTUAC:"level='asInvoker' uiAccess='false'" /manifest:embed /DEBUG /PDB:"C:\Users\Alex\Documents\GitHub\CS-172-Summer-Exam-1-\Exam 1\Debug\Exam 1.pdb" /SUBSYSTEM:CONSOLE /TLBID:1 /DYNAMICBASE /NXCOMPAT /IMPLIB:"C:\Users\Alex\Documents\GitHub\CS-172-Summer-Exam-1-\Exam 1\Debug\Exam 1.lib" /MACHINE:X86 Debug\Main.obj
         Debug\Movie.obj
         Debug\Theater.obj
     1>Main.obj : error LNK2001: unresolved external symbol "private: static class std::basic_string<char,struct std::char_traits<char>,class std::allocator<char> > Movie::Title" (?Title@Movie@@0V?$basic_string@DU?$char_traits@D@std@@V?$allocator@D@2@@std@@A)
     1>Movie.obj : error LNK2001: unresolved external symbol "private: static class std::basic_string<char,struct std::char_traits<char>,class std::allocator<char> > Movie::Title" (?Title@Movie@@0V?$basic_string@DU?$char_traits@D@std@@V?$allocator@D@2@@std@@A)
     1>Main.obj : error LNK2001: unresolved external symbol "private: static class std::basic_string<char,struct std::char_traits<char>,class std::allocator<char> > Movie::Genre" (?Genre@Movie@@0V?$basic_string@DU?$char_traits@D@std@@V?$allocator@D@2@@std@@A)
     1>Movie.obj : error LNK2001: unresolved external symbol "private: static class std::basic_string<char,struct std::char_traits<char>,class std::allocator<char> > Movie::Genre" (?Genre@Movie@@0V?$basic_string@DU?$char_traits@D@std@@V?$allocator@D@2@@std@@A)
     1>Main.obj : error LNK2001: unresolved external symbol "private: static int Movie::ShowTime" (?ShowTime@Movie@@0HA)
     1>Movie.obj : error LNK2001: unresolved external symbol "private: static int Movie::ShowTime" (?ShowTime@Movie@@0HA)
     1>C:\Users\Alex\Documents\GitHub\CS-172-Summer-Exam-1-\Exam 1\Debug\Exam 1.exe : fatal error LNK1120: 3 unresolved externals
     1>Done Building Project "C:\Users\Alex\Documents\GitHub\CS-172-Summer-Exam-1-\Exam 1\Exam 1\Exam 1.vcxproj" (Build target(s)) -- FAILED.

Build FAILED.

Time Elapsed 00:00:01.20
